\BOOKMARK [1][-]{section.1}{\376\377\233\124\233\074\225\356\230\230}{}% 1
\BOOKMARK [2][-]{subsection.1.1}{\376\377\230\230\166\356}{section.1}% 2
\BOOKMARK [2][-]{subsection.1.2}{\376\377\140\035\215\357}{section.1}% 3
\BOOKMARK [2][-]{subsection.1.3}{\376\377\211\343\173\124}{section.1}% 4
\BOOKMARK [1][-]{section.2}{\376\377\000T\000o\000p\000\040\000K\225\356\230\230}{}% 5
\BOOKMARK [2][-]{subsection.2.1}{\376\377\225\356\230\230}{section.2}% 6
\BOOKMARK [2][-]{subsection.2.2}{\376\377\211\343\173\124}{section.2}% 7
\BOOKMARK [1][-]{section.3}{\376\377\000h\000t\000t\000p\124\214\000h\000t\000t\000p\000s\166\204\123\072\122\053}{}% 8
\BOOKMARK [2][-]{subsection.3.1}{\376\377\000H\000t\000t\000p\124\214\000H\000t\000t\000p\000s\166\204\127\372\147\054\151\202\137\365}{section.3}% 9
\BOOKMARK [2][-]{subsection.3.2}{\376\377\000H\000t\000t\000p\116\016\000H\000t\000t\000p\000s\166\204\123\072\122\053}{section.3}% 10
\BOOKMARK [2][-]{subsection.3.3}{\376\377\000H\000t\000t\000p\000s\166\204\117\030\160\271}{section.3}% 11
\BOOKMARK [2][-]{subsection.3.4}{\376\377\000H\000t\000t\000p\000s\166\204\177\072\160\271\377\010\133\371\153\324\117\030\160\271\377\011}{section.3}% 12
\BOOKMARK [2][-]{subsection.3.5}{\376\377\000H\000t\000t\000p\000s\166\204\217\336\143\245\217\307\172\013}{section.3}% 13
\BOOKMARK [1][-]{section.4}{\376\377\000J\000a\000v\000a\227\142\213\325\166\204\225\356\230\230}{}% 14
\BOOKMARK [1][-]{section.5}{\376\377\124\016\123\360\137\000\123\321\227\142\213\325}{}% 15
\BOOKMARK [1][-]{section.6}{\376\377\000M\000y\000I\000S\000A\000M\124\214\000I\000n\000n\000o\000D\000B}{}% 16
\BOOKMARK [2][-]{subsection.6.1}{\376\377\210\150\225\001\135\356\137\002}{section.6}% 17
\BOOKMARK [1][-]{section.7}{\376\377\200\132\226\306\175\042\137\025\116\016\227\136\200\132\226\306\175\042\137\025\166\204\140\073\176\323}{}% 18
\BOOKMARK [2][-]{subsection.7.1}{\376\377\175\042\137\025\173\200\116\313}{section.7}% 19
\BOOKMARK [2][-]{subsection.7.2}{\376\377\200\132\226\306\175\042\137\025}{section.7}% 20
\BOOKMARK [2][-]{subsection.7.3}{\376\377\227\136\200\132\226\306\175\042\137\025}{section.7}% 21
\BOOKMARK [3][-]{subsubsection.7.3.1}{\376\377\227\136\200\132\226\306\377\010\000u\000n\000c\000l\000u\000s\000t\000e\000r\000e\000d\377\011\175\042\137\025}{subsection.7.3}% 22
\BOOKMARK [2][-]{subsection.7.4}{\376\377\140\073\176\323\116\016\117\177\165\050\137\303\137\227}{section.7}% 23
\BOOKMARK [1][-]{section.8}{\376\377\200\124\124\010\175\042\137\025\166\204\117\177\165\050}{}% 24
\BOOKMARK [1][-]{section.9}{\376\377\145\160\143\156\136\223\166\204\203\003\137\017}{}% 25
